[1.815s] Invoking command in '/home/lucia/ros2_ws/src/my_turtle_controller': PYTHONPATH=/home/lucia/ros2_ws/build/my_turtle_controller/prefix_override:/usr/lib/python3/dist-packages/colcon_core/task/python/colcon_distutils_commands:/home/lucia/ros2_ws/install/my_turtle_controller/lib/python3.10/site-packages:${PYTHONPATH} /usr/bin/python3 -W ignore:setup.py install is deprecated -W ignore:easy_install command is deprecated setup.py egg_info --egg-base ../../build/my_turtle_controller build --build-base /home/lucia/ros2_ws/build/my_turtle_controller/build install --record /home/lucia/ros2_ws/build/my_turtle_controller/install.log --single-version-externally-managed install_data
[2.463s] running egg_info
[2.463s] creating ../../build/my_turtle_controller/my_turtle_controller.egg-info
[2.463s] writing ../../build/my_turtle_controller/my_turtle_controller.egg-info/PKG-INFO
[2.464s] writing dependency_links to ../../build/my_turtle_controller/my_turtle_controller.egg-info/dependency_links.txt
[2.466s] writing entry points to ../../build/my_turtle_controller/my_turtle_controller.egg-info/entry_points.txt
[2.466s] writing requirements to ../../build/my_turtle_controller/my_turtle_controller.egg-info/requires.txt
[2.466s] writing top-level names to ../../build/my_turtle_controller/my_turtle_controller.egg-info/top_level.txt
[2.466s] writing manifest file '../../build/my_turtle_controller/my_turtle_controller.egg-info/SOURCES.txt'
[2.472s] reading manifest file '../../build/my_turtle_controller/my_turtle_controller.egg-info/SOURCES.txt'
[2.475s] writing manifest file '../../build/my_turtle_controller/my_turtle_controller.egg-info/SOURCES.txt'
[2.476s] running build
[2.478s] running build_py
[2.481s] creating /home/lucia/ros2_ws/build/my_turtle_controller/build
[2.481s] creating /home/lucia/ros2_ws/build/my_turtle_controller/build/lib
[2.482s] creating /home/lucia/ros2_ws/build/my_turtle_controller/build/lib/my_turtle_controller
[2.482s] copying my_turtle_controller/move_turtle.py -> /home/lucia/ros2_ws/build/my_turtle_controller/build/lib/my_turtle_controller
[2.483s] copying my_turtle_controller/__init__.py -> /home/lucia/ros2_ws/build/my_turtle_controller/build/lib/my_turtle_controller
[2.487s] running install
[2.488s] running install_lib
[2.493s] creating /home/lucia/ros2_ws/install/my_turtle_controller/lib/python3.10/site-packages/my_turtle_controller
[2.497s] copying /home/lucia/ros2_ws/build/my_turtle_controller/build/lib/my_turtle_controller/move_turtle.py -> /home/lucia/ros2_ws/install/my_turtle_controller/lib/python3.10/site-packages/my_turtle_controller
[2.498s] copying /home/lucia/ros2_ws/build/my_turtle_controller/build/lib/my_turtle_controller/__init__.py -> /home/lucia/ros2_ws/install/my_turtle_controller/lib/python3.10/site-packages/my_turtle_controller
[2.501s] byte-compiling /home/lucia/ros2_ws/install/my_turtle_controller/lib/python3.10/site-packages/my_turtle_controller/move_turtle.py to move_turtle.cpython-310.pyc
[2.503s] byte-compiling /home/lucia/ros2_ws/install/my_turtle_controller/lib/python3.10/site-packages/my_turtle_controller/__init__.py to __init__.cpython-310.pyc
[2.505s] running install_data
[2.510s] creating /home/lucia/ros2_ws/install/my_turtle_controller/share/ament_index
[2.513s] creating /home/lucia/ros2_ws/install/my_turtle_controller/share/ament_index/resource_index
[2.513s] creating /home/lucia/ros2_ws/install/my_turtle_controller/share/ament_index/resource_index/packages
[2.513s] copying resource/my_turtle_controller -> /home/lucia/ros2_ws/install/my_turtle_controller/share/ament_index/resource_index/packages
[2.514s] copying package.xml -> /home/lucia/ros2_ws/install/my_turtle_controller/share/my_turtle_controller
[2.514s] running install_egg_info
[2.518s] Copying ../../build/my_turtle_controller/my_turtle_controller.egg-info to /home/lucia/ros2_ws/install/my_turtle_controller/lib/python3.10/site-packages/my_turtle_controller-0.0.0-py3.10.egg-info
[2.518s] running install_scripts
[2.564s] Installing move_turtle script to /home/lucia/ros2_ws/install/my_turtle_controller/lib/my_turtle_controller
[2.566s] writing list of installed files to '/home/lucia/ros2_ws/build/my_turtle_controller/install.log'
[2.632s] Invoked command in '/home/lucia/ros2_ws/src/my_turtle_controller' returned '0': PYTHONPATH=/home/lucia/ros2_ws/build/my_turtle_controller/prefix_override:/usr/lib/python3/dist-packages/colcon_core/task/python/colcon_distutils_commands:/home/lucia/ros2_ws/install/my_turtle_controller/lib/python3.10/site-packages:${PYTHONPATH} /usr/bin/python3 -W ignore:setup.py install is deprecated -W ignore:easy_install command is deprecated setup.py egg_info --egg-base ../../build/my_turtle_controller build --build-base /home/lucia/ros2_ws/build/my_turtle_controller/build install --record /home/lucia/ros2_ws/build/my_turtle_controller/install.log --single-version-externally-managed install_data
