[1.696s] Invoking command in '/home/lucia/ros2_ws/src/my_turtle_controller': PYTHONPATH=/home/lucia/ros2_ws/build/my_turtle_controller/prefix_override:/usr/lib/python3/dist-packages/colcon_core/task/python/colcon_distutils_commands:/home/lucia/ros2_ws/install/my_turtle_controller/lib/python3.10/site-packages:${PYTHONPATH} /usr/bin/python3 -W ignore:setup.py install is deprecated -W ignore:easy_install command is deprecated setup.py egg_info --egg-base ../../build/my_turtle_controller build --build-base /home/lucia/ros2_ws/build/my_turtle_controller/build install --record /home/lucia/ros2_ws/build/my_turtle_controller/install.log --single-version-externally-managed install_data
[2.385s] running egg_info
[2.389s] writing ../../build/my_turtle_controller/my_turtle_controller.egg-info/PKG-INFO
[2.390s] writing dependency_links to ../../build/my_turtle_controller/my_turtle_controller.egg-info/dependency_links.txt
[2.390s] writing entry points to ../../build/my_turtle_controller/my_turtle_controller.egg-info/entry_points.txt
[2.390s] writing requirements to ../../build/my_turtle_controller/my_turtle_controller.egg-info/requires.txt
[2.394s] writing top-level names to ../../build/my_turtle_controller/my_turtle_controller.egg-info/top_level.txt
[2.395s] reading manifest file '../../build/my_turtle_controller/my_turtle_controller.egg-info/SOURCES.txt'
[2.395s] writing manifest file '../../build/my_turtle_controller/my_turtle_controller.egg-info/SOURCES.txt'
[2.398s] running build
[2.398s] running build_py
[2.398s] running install
[2.401s] running install_lib
[2.408s] running install_data
[2.410s] running install_egg_info
[2.412s] removing '/home/lucia/ros2_ws/install/my_turtle_controller/lib/python3.10/site-packages/my_turtle_controller-0.0.0-py3.10.egg-info' (and everything under it)
[2.414s] Copying ../../build/my_turtle_controller/my_turtle_controller.egg-info to /home/lucia/ros2_ws/install/my_turtle_controller/lib/python3.10/site-packages/my_turtle_controller-0.0.0-py3.10.egg-info
[2.418s] running install_scripts
[2.475s] Installing move_turtle script to /home/lucia/ros2_ws/install/my_turtle_controller/lib/my_turtle_controller
[2.476s] writing list of installed files to '/home/lucia/ros2_ws/build/my_turtle_controller/install.log'
[2.548s] Invoked command in '/home/lucia/ros2_ws/src/my_turtle_controller' returned '0': PYTHONPATH=/home/lucia/ros2_ws/build/my_turtle_controller/prefix_override:/usr/lib/python3/dist-packages/colcon_core/task/python/colcon_distutils_commands:/home/lucia/ros2_ws/install/my_turtle_controller/lib/python3.10/site-packages:${PYTHONPATH} /usr/bin/python3 -W ignore:setup.py install is deprecated -W ignore:easy_install command is deprecated setup.py egg_info --egg-base ../../build/my_turtle_controller build --build-base /home/lucia/ros2_ws/build/my_turtle_controller/build install --record /home/lucia/ros2_ws/build/my_turtle_controller/install.log --single-version-externally-managed install_data
