[1.366s] Invoking command in '/home/lucia/ros2_ws/src/my_turtle_controller': PYTHONPATH=/home/lucia/ros2_ws/build/my_turtle_controller/prefix_override:/usr/lib/python3/dist-packages/colcon_core/task/python/colcon_distutils_commands:/home/lucia/ros2_ws/install/my_turtle_controller/lib/python3.10/site-packages: /usr/bin/python3 -W ignore:setup.py install is deprecated -W ignore:easy_install command is deprecated setup.py egg_info --egg-base ../../build/my_turtle_controller build --build-base /home/lucia/ros2_ws/build/my_turtle_controller/build install --record /home/lucia/ros2_ws/build/my_turtle_controller/install.log --single-version-externally-managed install_data
[1.893s] running egg_info
[1.897s] writing ../../build/my_turtle_controller/my_turtle_controller.egg-info/PKG-INFO
[1.897s] writing dependency_links to ../../build/my_turtle_controller/my_turtle_controller.egg-info/dependency_links.txt
[1.899s] writing entry points to ../../build/my_turtle_controller/my_turtle_controller.egg-info/entry_points.txt
[1.900s] writing requirements to ../../build/my_turtle_controller/my_turtle_controller.egg-info/requires.txt
[1.903s] writing top-level names to ../../build/my_turtle_controller/my_turtle_controller.egg-info/top_level.txt
[1.905s] reading manifest file '../../build/my_turtle_controller/my_turtle_controller.egg-info/SOURCES.txt'
[1.907s] writing manifest file '../../build/my_turtle_controller/my_turtle_controller.egg-info/SOURCES.txt'
[1.909s] running build
[1.910s] running build_py
[1.912s] running install
[1.912s] running install_lib
[1.914s] running install_data
[1.914s] running install_egg_info
[1.920s] removing '/home/lucia/ros2_ws/install/my_turtle_controller/lib/python3.10/site-packages/my_turtle_controller-0.0.0-py3.10.egg-info' (and everything under it)
[1.920s] Copying ../../build/my_turtle_controller/my_turtle_controller.egg-info to /home/lucia/ros2_ws/install/my_turtle_controller/lib/python3.10/site-packages/my_turtle_controller-0.0.0-py3.10.egg-info
[1.924s] running install_scripts
[1.976s] Installing move_turtle script to /home/lucia/ros2_ws/install/my_turtle_controller/lib/my_turtle_controller
[1.977s] writing list of installed files to '/home/lucia/ros2_ws/build/my_turtle_controller/install.log'
[2.032s] Invoked command in '/home/lucia/ros2_ws/src/my_turtle_controller' returned '0': PYTHONPATH=/home/lucia/ros2_ws/build/my_turtle_controller/prefix_override:/usr/lib/python3/dist-packages/colcon_core/task/python/colcon_distutils_commands:/home/lucia/ros2_ws/install/my_turtle_controller/lib/python3.10/site-packages: /usr/bin/python3 -W ignore:setup.py install is deprecated -W ignore:easy_install command is deprecated setup.py egg_info --egg-base ../../build/my_turtle_controller build --build-base /home/lucia/ros2_ws/build/my_turtle_controller/build install --record /home/lucia/ros2_ws/build/my_turtle_controller/install.log --single-version-externally-managed install_data
